# JRE version: Java(TM) SE Runtime Environment (23.0.2+7) (build 23.0.2+7-58)
# Java VM: Java HotSpot(TM) 64-Bit Server VM (23.0.2+7-58, mixed mode, sharing, tiered, compressed oops, compressed class ptrs, g1 gc, windows-amd64)
GC Precious Log:
 CardTable entry size: 512
 Card Set container configuration: InlinePtr #cards 5 size 8 Array Of Cards #cards 10 size 36 Howl #buckets 4 coarsen threshold 1843 Howl Bitmap #cards 512 size 80 coarsen threshold 460 Card regions per heap region 1 cards per card region 2048
 CPUs: 12 total, 12 available
 Memory: 7598M
 Large Page Support: Disabled
 NUMA Support: Disabled
 Compressed Oops: Enabled (32-bit)
 Heap Region Size: 1M
 Heap Min Capacity: 8M
 Heap Initial Capacity: 120M
 Heap Max Capacity: 1900M
 Pre-touch: Disabled
 Parallel Workers: 10
 Concurrent Workers: 3
 Concurrent Refinement Workers: 10
 Periodic GC: Disabled
Heap:
 garbage-first heap   total reserved 1945600K, committed 113664K, used 32420K [0x0000000089400000, 0x0000000100000000)
  region size 1024K, 17 young (17408K), 2 survivors (2048K)
 Metaspace       used 29402K, committed 30080K, reserved 1114112K
  class space    used 3889K, committed 4224K, reserved 1048576K
GC Heap History (20 events):
Event: 1.337 GC heap before
{Heap before GC invocations=1 (full 0):
 garbage-first heap   total reserved 1945600K, committed 122880K, used 31824K [0x0000000089400000, 0x0000000100000000)
  region size 1024K, 27 young (27648K), 3 survivors (3072K)
 Metaspace       used 15554K, committed 15808K, reserved 1114112K
  class space    used 2095K, committed 2176K, reserved 1048576K
}
Event: 1.344 GC heap after
{Heap after GC invocations=2 (full 0):
 garbage-first heap   total reserved 1945600K, committed 122880K, used 9102K [0x0000000089400000, 0x0000000100000000)
  region size 1024K, 2 young (2048K), 2 survivors (2048K)
 Metaspace       used 15554K, committed 15808K, reserved 1114112K
  class space    used 2095K, committed 2176K, reserved 1048576K
}
Event: 3.055 GC heap before
{Heap before GC invocations=2 (full 0):
 garbage-first heap   total reserved 1945600K, committed 122880K, used 43918K [0x0000000089400000, 0x0000000100000000)
  region size 1024K, 36 young (36864K), 2 survivors (2048K)
 Metaspace       used 21256K, committed 21504K, reserved 1114112K
  class space    used 2937K, committed 3072K, reserved 1048576K
}
Event: 4.074 GC heap after
{Heap after GC invocations=3 (full 0):
 garbage-first heap   total reserved 1945600K, committed 122880K, used 14741K [0x0000000089400000, 0x0000000100000000)
  region size 1024K, 8 young (8192K), 8 survivors (8192K)
 Metaspace       used 21256K, committed 21504K, reserved 1114112K
  class space    used 2937K, committed 3072K, reserved 1048576K
}
Event: 4.118 GC heap before
{Heap before GC invocations=4 (full 0):
 garbage-first heap   total reserved 1945600K, committed 51200K, used 15765K [0x0000000089400000, 0x0000000100000000)
  region size 1024K, 9 young (9216K), 8 survivors (8192K)
 Metaspace       used 21348K, committed 21568K, reserved 1114112K
  class space    used 2971K, committed 3072K, reserved 1048576K
}
Event: 4.127 GC heap after
{Heap after GC invocations=5 (full 0):
 garbage-first heap   total reserved 1945600K, committed 51200K, used 15864K [0x0000000089400000, 0x0000000100000000)
  region size 1024K, 1 young (1024K), 1 survivors (1024K)
 Metaspace       used 21348K, committed 21568K, reserved 1114112K
  class space    used 2971K, committed 3072K, reserved 1048576K
}
Event: 4.167 GC heap before
{Heap before GC invocations=5 (full 0):
 garbage-first heap   total reserved 1945600K, committed 51200K, used 16888K [0x0000000089400000, 0x0000000100000000)
  region size 1024K, 2 young (2048K), 1 survivors (1024K)
 Metaspace       used 21488K, committed 21760K, reserved 1114112K
  class space    used 2995K, committed 3136K, reserved 1048576K
}
Event: 4.168 GC heap after
{Heap after GC invocations=6 (full 0):
 garbage-first heap   total reserved 1945600K, committed 51200K, used 15129K [0x0000000089400000, 0x0000000100000000)
  region size 1024K, 1 young (1024K), 1 survivors (1024K)
 Metaspace       used 21488K, committed 21760K, reserved 1114112K
  class space    used 2995K, committed 3136K, reserved 1048576K
}
Event: 4.206 GC heap before
{Heap before GC invocations=6 (full 0):
 garbage-first heap   total reserved 1945600K, committed 51200K, used 16153K [0x0000000089400000, 0x0000000100000000)
  region size 1024K, 2 young (2048K), 1 survivors (1024K)
 Metaspace       used 21710K, committed 21952K, reserved 1114112K
  class space    used 3017K, committed 3136K, reserved 1048576K
}
Event: 4.208 GC heap after
{Heap after GC invocations=7 (full 0):
 garbage-first heap   total reserved 1945600K, committed 51200K, used 15017K [0x0000000089400000, 0x0000000100000000)
  region size 1024K, 1 young (1024K), 1 survivors (1024K)
 Metaspace       used 21710K, committed 21952K, reserved 1114112K
  class space    used 3017K, committed 3136K, reserved 1048576K
}
Event: 4.259 GC heap before
{Heap before GC invocations=7 (full 0):
 garbage-first heap   total reserved 1945600K, committed 51200K, used 16041K [0x0000000089400000, 0x0000000100000000)
  region size 1024K, 2 young (2048K), 1 survivors (1024K)
 Metaspace       used 21907K, committed 22144K, reserved 1114112K
  class space    used 3046K, committed 3136K, reserved 1048576K
}
Event: 4.260 GC heap after
{Heap after GC invocations=8 (full 0):
 garbage-first heap   total reserved 1945600K, committed 94208K, used 15183K [0x0000000089400000, 0x0000000100000000)
  region size 1024K, 1 young (1024K), 1 survivors (1024K)
 Metaspace       used 21907K, committed 22144K, reserved 1114112K
  class space    used 3046K, committed 3136K, reserved 1048576K
}
Event: 4.362 GC heap before
{Heap before GC invocations=8 (full 0):
 garbage-first heap   total reserved 1945600K, committed 94208K, used 17231K [0x0000000089400000, 0x0000000100000000)
  region size 1024K, 4 young (4096K), 1 survivors (1024K)
 Metaspace       used 22520K, committed 22784K, reserved 1114112K
  class space    used 3098K, committed 3200K, reserved 1048576K
}
Event: 4.364 GC heap after
{Heap after GC invocations=9 (full 0):
 garbage-first heap   total reserved 1945600K, committed 94208K, used 15579K [0x0000000089400000, 0x0000000100000000)
  region size 1024K, 1 young (1024K), 1 survivors (1024K)
 Metaspace       used 22520K, committed 22784K, reserved 1114112K
  class space    used 3098K, committed 3200K, reserved 1048576K
}
Event: 4.540 GC heap before
{Heap before GC invocations=9 (full 0):
 garbage-first heap   total reserved 1945600K, committed 94208K, used 18651K [0x0000000089400000, 0x0000000100000000)
  region size 1024K, 4 young (4096K), 1 survivors (1024K)
 Metaspace       used 23108K, committed 23296K, reserved 1114112K
  class space    used 3168K, committed 3264K, reserved 1048576K
}
Event: 4.542 GC heap after
{Heap after GC invocations=10 (full 0):
 garbage-first heap   total reserved 1945600K, committed 94208K, used 16159K [0x0000000089400000, 0x0000000100000000)
  region size 1024K, 1 young (1024K), 1 survivors (1024K)
 Metaspace       used 23108K, committed 23296K, reserved 1114112K
  class space    used 3168K, committed 3264K, reserved 1048576K
}
Event: 4.624 GC heap before
{Heap before GC invocations=10 (full 0):
 garbage-first heap   total reserved 1945600K, committed 94208K, used 18207K [0x0000000089400000, 0x0000000100000000)
  region size 1024K, 4 young (4096K), 1 survivors (1024K)
 Metaspace       used 23641K, committed 23936K, reserved 1114112K
  class space    used 3207K, committed 3328K, reserved 1048576K
}
Event: 4.627 GC heap after
{Heap after GC invocations=11 (full 0):
 garbage-first heap   total reserved 1945600K, committed 94208K, used 16476K [0x0000000089400000, 0x0000000100000000)
  region size 1024K, 1 young (1024K), 1 survivors (1024K)
 Metaspace       used 23641K, committed 23936K, reserved 1114112K
  class space    used 3207K, committed 3328K, reserved 1048576K
}
Event: 5.213 GC heap before
{Heap before GC invocations=11 (full 0):
 garbage-first heap   total reserved 1945600K, committed 94208K, used 34908K [0x0000000089400000, 0x0000000100000000)
  region size 1024K, 20 young (20480K), 1 survivors (1024K)
 Metaspace       used 27248K, committed 27712K, reserved 1114112K
  class space    used 3570K, committed 3776K, reserved 1048576K
}
Event: 5.217 GC heap after
{Heap after GC invocations=12 (full 0):
 garbage-first heap   total reserved 1945600K, committed 113664K, used 18084K [0x0000000089400000, 0x0000000100000000)
  region size 1024K, 2 young (2048K), 2 survivors (2048K)
 Metaspace       used 27248K, committed 27712K, reserved 1114112K
  class space    used 3570K, committed 3776K, reserved 1048576K
}

